

Processing ApplicationController#index (for 127.0.0.1 at 2009-04-30 23:35:44) [GET]

ActionController::RoutingError (No route matches "/" with {:method=>:get}):
  

Rendering rescues/layout (not_found)


Processing WelcomeController#index (for 127.0.0.1 at 2009-04-30 23:35:52) [GET]
Rendering welcome/index
Completed in 9ms (View: 7, DB: 0) | 200 OK [http://localhost/]


Processing WelcomeController#index (for 127.0.0.1 at 2009-04-30 23:36:59) [GET]
Rendering template within layouts/application
Rendering welcome/index
Completed in 7ms (View: 6, DB: 0) | 200 OK [http://localhost/]


Processing WelcomeController#index (for 127.0.0.1 at 2009-04-30 23:37:48) [GET]
Rendering template within layouts/application
Rendering welcome/index
Completed in 5ms (View: 3, DB: 0) | 200 OK [http://localhost/]


Processing WelcomeController#index (for 127.0.0.1 at 2009-04-30 23:37:56) [GET]
Rendering template within layouts/application
Rendering welcome/index
Completed in 5ms (View: 3, DB: 0) | 200 OK [http://localhost/]


Processing WelcomeController#index (for 127.0.0.1 at 2009-04-30 23:38:04) [GET]
Rendering template within layouts/application
Rendering welcome/index
Completed in 5ms (View: 4, DB: 0) | 200 OK [http://localhost/]


Processing WelcomeController#index (for 127.0.0.1 at 2009-04-30 23:38:11) [GET]
Rendering template within layouts/application
Rendering welcome/index
Completed in 5ms (View: 3, DB: 0) | 200 OK [http://localhost/]


Processing WelcomeController#index (for 127.0.0.1 at 2009-04-30 23:38:21) [GET]
Rendering template within layouts/application
Rendering welcome/index
Completed in 5ms (View: 3, DB: 0) | 200 OK [http://localhost/]


Processing WelcomeController#index (for 127.0.0.1 at 2009-04-30 23:39:07) [GET]
Rendering template within layouts/application
Rendering welcome/index
Completed in 5ms (View: 4, DB: 0) | 200 OK [http://localhost/]


Processing WelcomeController#index (for 127.0.0.1 at 2009-04-30 23:39:15) [GET]
Rendering template within layouts/application
Rendering welcome/index
Completed in 6ms (View: 4, DB: 0) | 200 OK [http://localhost/]


Processing WelcomeController#index (for 127.0.0.1 at 2009-04-30 23:39:21) [GET]
Rendering template within layouts/application
Rendering welcome/index
Completed in 6ms (View: 4, DB: 0) | 200 OK [http://localhost/]


Processing WelcomeController#index (for 127.0.0.1 at 2009-04-30 23:39:22) [GET]
Rendering template within layouts/application
Rendering welcome/index
Completed in 2ms (View: 1, DB: 0) | 200 OK [http://localhost/]


Processing WelcomeController#index (for 127.0.0.1 at 2009-04-30 23:39:27) [GET]
Rendering template within layouts/application
Rendering welcome/index
Completed in 55ms (View: 53, DB: 0) | 200 OK [http://localhost/]


Processing WelcomeController#index (for 127.0.0.1 at 2009-04-30 23:39:39) [GET]
Rendering template within layouts/application
Rendering welcome/index
Completed in 5ms (View: 4, DB: 0) | 200 OK [http://localhost/]


Processing WelcomeController#index (for 127.0.0.1 at 2009-04-30 23:40:00) [GET]
Rendering template within layouts/application
Rendering welcome/index
Completed in 5ms (View: 4, DB: 0) | 200 OK [http://localhost/]


Processing WelcomeController#index (for 127.0.0.1 at 2009-04-30 23:40:06) [GET]
Rendering template within layouts/application
Rendering welcome/index
Completed in 5ms (View: 4, DB: 0) | 200 OK [http://localhost/]


Processing WelcomeController#index (for 127.0.0.1 at 2009-04-30 23:40:11) [GET]
Rendering template within layouts/application
Rendering welcome/index
Completed in 5ms (View: 4, DB: 0) | 200 OK [http://localhost/]


Processing WelcomeController#index (for 127.0.0.1 at 2009-04-30 23:40:15) [GET]
Rendering template within layouts/application
Rendering welcome/index
Completed in 5ms (View: 4, DB: 0) | 200 OK [http://localhost/]


Processing WelcomeController#index (for 127.0.0.1 at 2009-04-30 23:40:27) [GET]
Rendering template within layouts/application
Rendering welcome/index
Completed in 7ms (View: 5, DB: 0) | 200 OK [http://localhost/]


Processing WelcomeController#index (for 127.0.0.1 at 2009-04-30 23:41:03) [GET]
Rendering template within layouts/application
Rendering welcome/index

ActionView::TemplateError (uninitialized constant ActionView::Base::CompiledTemplates::Version) on line #12 of app/views/welcome/index.html.erb:
9:     <input type="password" name="password" />
10:   </label>
11: 
12:   <p class="version"><%= Version %>
13: </div>

    app/views/welcome/index.html.erb:12

Rendered rescues/_trace (42.8ms)
Rendered rescues/_request_and_response (1.5ms)
Rendering rescues/layout (internal_server_error)


Processing WelcomeController#index (for 127.0.0.1 at 2009-04-30 23:41:11) [GET]
Rendering template within layouts/application
Rendering welcome/index
Completed in 9ms (View: 8, DB: 0) | 200 OK [http://localhost/]


Processing WelcomeController#index (for 127.0.0.1 at 2009-04-30 23:41:42) [GET]
Rendering template within layouts/application
Rendering welcome/index

ActionView::TemplateError (No expansion found for :main) on line #7 of app/views/layouts/application.html.erb:
4:   <head>
5:     <meta http-equiv="Content-type" content="text/html; charset=utf-8" />
6:     <title>This is the Serious Super Duper Mega Coorp App</title>
7:     <%= stylesheet_link_tag :main %>
8:   </head>
9:   <body>
10:     <%= yield %>

    app/views/layouts/application.html.erb:7

Rendered rescues/_trace (44.5ms)
Rendered rescues/_request_and_response (1.6ms)
Rendering rescues/layout (internal_server_error)


Processing WelcomeController#index (for 127.0.0.1 at 2009-04-30 23:41:47) [GET]
Rendering template within layouts/application
Rendering welcome/index
Completed in 5ms (View: 4, DB: 0) | 200 OK [http://localhost/]


Processing WelcomeController#index (for 127.0.0.1 at 2009-04-30 23:41:53) [GET]
Rendering template within layouts/application
Rendering welcome/index
Completed in 2ms (View: 1, DB: 0) | 200 OK [http://localhost/]


Processing WelcomeController#index (for 127.0.0.1 at 2009-04-30 23:42:06) [GET]
Rendering template within layouts/application
Rendering welcome/index
Completed in 2ms (View: 1, DB: 0) | 200 OK [http://localhost/]


Processing WelcomeController#index (for 127.0.0.1 at 2009-04-30 23:42:12) [GET]
Rendering template within layouts/application
Rendering welcome/index
Completed in 2ms (View: 1, DB: 0) | 200 OK [http://localhost/]


Processing WelcomeController#index (for 127.0.0.1 at 2009-04-30 23:42:18) [GET]
Rendering template within layouts/application
Rendering welcome/index
Completed in 2ms (View: 1, DB: 0) | 200 OK [http://localhost/]


Processing WelcomeController#index (for 127.0.0.1 at 2009-04-30 23:42:24) [GET]
Rendering template within layouts/application
Rendering welcome/index
Completed in 2ms (View: 1, DB: 0) | 200 OK [http://localhost/]


Processing WelcomeController#index (for 127.0.0.1 at 2009-04-30 23:42:28) [GET]
Rendering template within layouts/application
Rendering welcome/index
Completed in 2ms (View: 1, DB: 0) | 200 OK [http://localhost/]


Processing WelcomeController#index (for 127.0.0.1 at 2009-05-01 10:16:09) [GET]
Rendering template within layouts/application
Rendering welcome/index
Completed in 29ms (View: 26, DB: 0) | 200 OK [http://localhost/]


Processing ApplicationController#index (for 127.0.0.1 at 2009-05-01 10:16:09) [GET]

ActionController::RoutingError (No route matches "/images/top/menu-bg.png" with {:method=>:get}):
  

Rendering rescues/layout (not_found)


Processing ApplicationController#index (for 127.0.0.1 at 2009-05-01 10:16:09) [GET]

ActionController::RoutingError (No route matches "/images/top/name-bg.png" with {:method=>:get}):
  

Rendering rescues/layout (not_found)


Processing ApplicationController#index (for 127.0.0.1 at 2009-05-01 10:16:09) [GET]

ActionController::RoutingError (No route matches "/images/top/name-menu-split.png" with {:method=>:get}):
  

Rendering rescues/layout (not_found)


Processing WelcomeController#index (for 127.0.0.1 at 2009-05-01 10:16:46) [GET]
Rendering template within layouts/application
Rendering welcome/index
Completed in 5ms (View: 3, DB: 0) | 200 OK [http://localhost/]


Processing ApplicationController#index (for 127.0.0.1 at 2009-05-01 10:16:46) [GET]

ActionController::RoutingError (No route matches "/images/top/menu-bg.png" with {:method=>:get}):
  

Rendering rescues/layout (not_found)


Processing ApplicationController#index (for 127.0.0.1 at 2009-05-01 10:16:46) [GET]

ActionController::RoutingError (No route matches "/images/top/name-bg.png" with {:method=>:get}):
  

Rendering rescues/layout (not_found)


Processing ApplicationController#index (for 127.0.0.1 at 2009-05-01 10:16:46) [GET]

ActionController::RoutingError (No route matches "/images/top/name-menu-split.png" with {:method=>:get}):
  

Rendering rescues/layout (not_found)


Processing WelcomeController#index (for 127.0.0.1 at 2009-05-01 10:17:44) [GET]
Rendering template within layouts/application
Rendering welcome/index
Completed in 5ms (View: 4, DB: 0) | 200 OK [http://localhost/]


Processing ApplicationController#index (for 127.0.0.1 at 2009-05-01 10:17:44) [GET]

ActionController::RoutingError (No route matches "/images/top/menu-bg.png" with {:method=>:get}):
  

Rendering rescues/layout (not_found)


Processing ApplicationController#index (for 127.0.0.1 at 2009-05-01 10:17:44) [GET]

ActionController::RoutingError (No route matches "/images/top/name-bg.png" with {:method=>:get}):
  

Rendering rescues/layout (not_found)


Processing ApplicationController#index (for 127.0.0.1 at 2009-05-01 10:17:44) [GET]

ActionController::RoutingError (No route matches "/images/top/name-menu-split.png" with {:method=>:get}):
  

Rendering rescues/layout (not_found)


Processing WelcomeController#index (for 127.0.0.1 at 2009-05-01 10:18:35) [GET]
Rendering template within layouts/application
Rendering welcome/index
Completed in 5ms (View: 3, DB: 0) | 200 OK [http://localhost/]


Processing ApplicationController#index (for 127.0.0.1 at 2009-05-01 10:18:35) [GET]

ActionController::RoutingError (No route matches "/images/top/menu-bg.png" with {:method=>:get}):
  

Rendering rescues/layout (not_found)


Processing ApplicationController#index (for 127.0.0.1 at 2009-05-01 10:18:35) [GET]

ActionController::RoutingError (No route matches "/images/top/name-bg.png" with {:method=>:get}):
  

Rendering rescues/layout (not_found)


Processing ApplicationController#index (for 127.0.0.1 at 2009-05-01 10:18:35) [GET]

ActionController::RoutingError (No route matches "/images/top/name-menu-split.png" with {:method=>:get}):
  

Rendering rescues/layout (not_found)


Processing WelcomeController#index (for 127.0.0.1 at 2009-05-01 10:18:48) [GET]
Rendering template within layouts/application
Rendering welcome/index
Completed in 4ms (View: 3, DB: 0) | 200 OK [http://localhost/]


Processing ApplicationController#index (for 127.0.0.1 at 2009-05-01 10:18:48) [GET]

ActionController::RoutingError (No route matches "/images/top/menu-bg.png" with {:method=>:get}):
  

Rendering rescues/layout (not_found)


Processing ApplicationController#index (for 127.0.0.1 at 2009-05-01 10:18:48) [GET]

ActionController::RoutingError (No route matches "/images/top/name-bg.png" with {:method=>:get}):
  

Rendering rescues/layout (not_found)


Processing ApplicationController#index (for 127.0.0.1 at 2009-05-01 10:18:48) [GET]

ActionController::RoutingError (No route matches "/images/top/name-menu-split.png" with {:method=>:get}):
  

Rendering rescues/layout (not_found)


Processing WelcomeController#index (for 127.0.0.1 at 2009-05-01 10:19:03) [GET]
Rendering template within layouts/application
Rendering welcome/index
Completed in 6ms (View: 4, DB: 0) | 200 OK [http://localhost/]


Processing WelcomeController#index (for 127.0.0.1 at 2009-05-01 10:19:08) [GET]
Rendering template within layouts/application
Rendering welcome/index
Completed in 5ms (View: 4, DB: 0) | 200 OK [http://localhost/]


Processing ApplicationController#index (for 127.0.0.1 at 2009-05-01 10:19:08) [GET]

ActionController::RoutingError (No route matches "/images/top/menu-bg.png" with {:method=>:get}):
  

Rendering rescues/layout (not_found)


Processing ApplicationController#index (for 127.0.0.1 at 2009-05-01 10:19:08) [GET]

ActionController::RoutingError (No route matches "/images/top/name-bg.png" with {:method=>:get}):
  

Rendering rescues/layout (not_found)


Processing WelcomeController#index (for 127.0.0.1 at 2009-05-01 10:19:15) [GET]
Rendering template within layouts/application
Rendering welcome/index
Completed in 5ms (View: 4, DB: 0) | 200 OK [http://localhost/]


Processing ApplicationController#index (for 127.0.0.1 at 2009-05-01 10:19:15) [GET]

ActionController::RoutingError (No route matches "/images/top/menu-bg.png" with {:method=>:get}):
  

Rendering rescues/layout (not_found)


Processing ApplicationController#index (for 127.0.0.1 at 2009-05-01 10:19:15) [GET]

ActionController::RoutingError (No route matches "/images/top/name-bg.png" with {:method=>:get}):
  

Rendering rescues/layout (not_found)


Processing ApplicationController#index (for 127.0.0.1 at 2009-05-01 10:19:15) [GET]

ActionController::RoutingError (No route matches "/images/top/name-menu-split.png" with {:method=>:get}):
  

Rendering rescues/layout (not_found)


Processing WelcomeController#index (for 127.0.0.1 at 2009-05-01 10:19:48) [GET]
Rendering template within layouts/application
Rendering welcome/index
Completed in 2ms (View: 1, DB: 0) | 200 OK [http://localhost/]


Processing WelcomeController#index (for 127.0.0.1 at 2009-05-01 10:20:26) [GET]
Rendering template within layouts/application
Rendering welcome/index
Completed in 5ms (View: 3, DB: 0) | 200 OK [http://localhost/]


Processing WelcomeController#index (for 127.0.0.1 at 2009-05-01 10:20:35) [GET]
Rendering template within layouts/application
Rendering welcome/index
Completed in 5ms (View: 3, DB: 0) | 200 OK [http://localhost/]


Processing WelcomeController#index (for 127.0.0.1 at 2009-05-01 10:20:43) [GET]
Rendering template within layouts/application
Rendering welcome/index
Completed in 5ms (View: 3, DB: 0) | 200 OK [http://localhost/]


Processing WelcomeController#index (for 127.0.0.1 at 2009-05-01 10:20:51) [GET]
Rendering template within layouts/application
Rendering welcome/index
Completed in 5ms (View: 3, DB: 0) | 200 OK [http://localhost/]


Processing WelcomeController#index (for 127.0.0.1 at 2009-05-01 10:21:43) [GET]
Rendering template within layouts/application
Rendering welcome/index
Completed in 10ms (View: 8, DB: 0) | 200 OK [http://localhost/]


Processing WelcomeController#index (for 127.0.0.1 at 2009-05-01 10:22:47) [GET]
Rendering template within layouts/application
Rendering welcome/index
Completed in 10ms (View: 8, DB: 0) | 200 OK [http://localhost/]


Processing WelcomeController#index (for 127.0.0.1 at 2009-05-01 10:24:57) [GET]
Rendering template within layouts/application
Rendering welcome/index
Completed in 10ms (View: 9, DB: 0) | 200 OK [http://localhost/]


Processing WelcomeController#index (for 127.0.0.1 at 2009-05-01 10:25:31) [GET]
Rendering template within layouts/application
Rendering welcome/index
Completed in 55ms (View: 54, DB: 0) | 200 OK [http://localhost/]


Processing WelcomeController#index (for 127.0.0.1 at 2009-05-01 10:25:39) [GET]
Rendering template within layouts/application
Rendering welcome/index
Completed in 6ms (View: 4, DB: 0) | 200 OK [http://localhost/]


Processing WelcomeController#index (for 127.0.0.1 at 2009-05-01 10:25:45) [GET]
Rendering template within layouts/application
Rendering welcome/index
Completed in 6ms (View: 4, DB: 0) | 200 OK [http://localhost/]


Processing WelcomeController#index (for 127.0.0.1 at 2009-05-01 10:25:54) [GET]
Rendering template within layouts/application
Rendering welcome/index
Completed in 5ms (View: 4, DB: 0) | 200 OK [http://localhost/]


Processing WelcomeController#index (for 127.0.0.1 at 2009-05-01 10:26:00) [GET]
Rendering template within layouts/application
Rendering welcome/index
Completed in 6ms (View: 5, DB: 0) | 200 OK [http://localhost/]


Processing WelcomeController#index (for 127.0.0.1 at 2009-05-01 10:26:19) [GET]
Rendering template within layouts/application
Rendering welcome/index
Completed in 6ms (View: 5, DB: 0) | 200 OK [http://localhost/]
